<?xml version="1.0" encoding="UTF-8"?>
<!-- Generated by org.testng.reporters.JUnitReportReporter -->
<testsuite hostname="Jagadesh" failures="0" tests="1" name="com.demoshop.testcases.EndToEndTest" time="11.662" errors="0" timestamp="2024-04-26T15:46:24 IST" skipped="0">
  <testcase classname="com.demoshop.testcases.EndToEndTest" name="endToEndTest" time="11.662"/>
</testsuite> <!-- com.demoshop.testcases.EndToEndTest -->
