<?xml version="1.0" encoding="UTF-8"?>
<!-- Generated by org.testng.reporters.JUnitReportReporter -->
<testsuite hostname="Jagadesh" failures="0" tests="6" name="com.demoshop.testcases.HomePageTest" time="25.855" errors="0" timestamp="2024-04-24T21:11:00 IST" skipped="0">
  <testcase classname="com.demoshop.testcases.HomePageTest" name="verifyWishList" time="4.142"/>
  <testcase classname="com.demoshop.testcases.HomePageTest" name="verifyLogo" time="6.532"/>
  <testcase classname="com.demoshop.testcases.HomePageTest" name="verifyTitleOfThePage" time="2.299"/>
  <testcase classname="com.demoshop.testcases.HomePageTest" name="verifyWishList" time="4.300"/>
  <testcase classname="com.demoshop.testcases.HomePageTest" name="verifyWishList" time="4.198"/>
  <testcase classname="com.demoshop.testcases.HomePageTest" name="verifyWishList" time="4.384"/>
</testsuite> <!-- com.demoshop.testcases.HomePageTest -->
